<?xml version="1.0" encoding="UTF-8"?>
<!-- Generated by org.testng.reporters.JUnitReportReporter -->
<testsuite hostname="BDC7-L-1366KZW" failures="0" tests="1" name="Test.testLogic" time="0.026" errors="0" timestamp="2023-05-05T16:58:26 IST" skipped="0">
  <testcase classname="Test.testLogic" name="testAddSongs" time="0.026"/>
  <system-out/>
</testsuite> <!-- Test.testLogic -->
